2024-11-26 15:19:55,692 - ScraperLogger - INFO - Processing data for ajax...
2024-11-26 15:19:58,022 - ScraperLogger - INFO - Data fetched successfully.
2024-11-26 15:19:58,029 - ScraperLogger - INFO - Data for ajax saved to api_url.csv
2024-11-26 15:19:58,029 - ScraperLogger - INFO - Processing data for aurora...
2024-11-26 15:19:59,952 - ScraperLogger - INFO - Data fetched successfully.
2024-11-26 15:19:59,960 - ScraperLogger - INFO - Data for aurora saved to api_url.csv
2024-11-26 15:19:59,961 - ScraperLogger - INFO - Processing data for barrie...
2024-11-26 15:20:02,190 - ScraperLogger - INFO - Data fetched successfully.
2024-11-26 15:20:02,196 - ScraperLogger - INFO - Data for barrie saved to api_url.csv
2024-11-26 15:20:02,196 - ScraperLogger - INFO - Processing data for bowmanville...
2024-11-26 15:20:05,968 - ScraperLogger - INFO - Data fetched successfully.
2024-11-26 15:20:05,971 - ScraperLogger - INFO - Data for bowmanville saved to api_url.csv
2024-11-26 15:20:05,971 - ScraperLogger - INFO - Processing data for brampton...
2024-11-26 15:20:08,148 - ScraperLogger - INFO - Data fetched successfully.
2024-11-26 15:20:08,162 - ScraperLogger - INFO - Data for brampton saved to api_url.csv
2024-11-26 15:20:08,162 - ScraperLogger - INFO - Processing data for burlington...
2024-11-26 15:20:10,481 - ScraperLogger - INFO - Data fetched successfully.
2024-11-26 15:20:10,491 - ScraperLogger - INFO - Data for burlington saved to api_url.csv
2024-11-26 15:20:10,491 - ScraperLogger - INFO - Processing data for caledon...
2024-11-26 15:20:14,446 - ScraperLogger - INFO - Data fetched successfully.
2024-11-26 15:20:14,453 - ScraperLogger - INFO - Data for caledon saved to api_url.csv
2024-11-26 15:20:14,453 - ScraperLogger - INFO - Processing data for calgary-alberta...
2024-11-26 15:20:16,778 - ScraperLogger - INFO - Data fetched successfully.
2024-11-26 15:20:16,793 - ScraperLogger - INFO - Data for calgary-alberta saved to api_url.csv
2024-11-26 15:20:16,793 - ScraperLogger - INFO - Processing data for cambridge...
2024-11-26 15:20:18,836 - ScraperLogger - INFO - Data fetched successfully.
2024-11-26 15:20:18,842 - ScraperLogger - INFO - Data for cambridge saved to api_url.csv
2024-11-26 15:20:18,842 - ScraperLogger - INFO - Processing data for cobourg...
2024-11-26 15:20:20,814 - ScraperLogger - INFO - Data fetched successfully.
2024-11-26 15:20:20,822 - ScraperLogger - INFO - Data for cobourg saved to api_url.csv
2024-11-26 15:20:20,822 - ScraperLogger - INFO - Processing data for collingwood...
2024-11-26 15:20:22,802 - ScraperLogger - INFO - Data fetched successfully.
2024-11-26 15:20:22,811 - ScraperLogger - INFO - Data for collingwood saved to api_url.csv
2024-11-26 15:20:22,812 - ScraperLogger - INFO - Processing data for the-blue-mountains...
2024-11-26 15:20:24,843 - ScraperLogger - INFO - Data fetched successfully.
2024-11-26 15:20:24,848 - ScraperLogger - INFO - Data for the-blue-mountains saved to api_url.csv
2024-11-26 15:20:24,848 - ScraperLogger - INFO - Processing data for edmonton-alberta...
2024-11-26 15:20:26,764 - ScraperLogger - INFO - Data fetched successfully.
2024-11-26 15:20:26,770 - ScraperLogger - INFO - Data for edmonton-alberta saved to api_url.csv
2024-11-26 15:20:26,771 - ScraperLogger - INFO - Processing data for etobicoke...
2024-11-26 15:20:29,279 - ScraperLogger - INFO - Data fetched successfully.
2024-11-26 15:20:29,294 - ScraperLogger - INFO - Data for etobicoke saved to api_url.csv
2024-11-26 15:20:29,294 - ScraperLogger - INFO - Processing data for central-etobicoke...
2024-11-26 15:20:31,578 - ScraperLogger - INFO - Data fetched successfully.
2024-11-26 15:20:31,585 - ScraperLogger - INFO - Data for central-etobicoke saved to api_url.csv
2024-11-26 15:20:31,585 - ScraperLogger - INFO - Processing data for mimico...
2024-11-26 15:20:33,779 - ScraperLogger - INFO - Data fetched successfully.
2024-11-26 15:20:33,782 - ScraperLogger - INFO - Data for mimico saved to api_url.csv
2024-11-26 15:20:33,782 - ScraperLogger - INFO - Processing data for new-condos-guelph...
2024-11-26 15:20:35,850 - ScraperLogger - INFO - Data fetched successfully.
2024-11-26 15:20:35,858 - ScraperLogger - INFO - Data for new-condos-guelph saved to api_url.csv
2024-11-26 15:20:35,859 - ScraperLogger - INFO - Processing data for halton-hills...
2024-11-26 15:20:37,877 - ScraperLogger - INFO - Data fetched successfully.
2024-11-26 15:20:37,879 - ScraperLogger - INFO - Data for halton-hills saved to api_url.csv
2024-11-26 15:20:37,879 - ScraperLogger - INFO - Processing data for hamilton...
2024-11-26 15:20:40,735 - ScraperLogger - INFO - Data fetched successfully.
2024-11-26 15:20:40,750 - ScraperLogger - INFO - Data for hamilton saved to api_url.csv
2024-11-26 15:20:40,750 - ScraperLogger - INFO - Processing data for ancaster...
2024-11-26 15:20:42,990 - ScraperLogger - INFO - Data fetched successfully.
2024-11-26 15:20:42,993 - ScraperLogger - INFO - Data for ancaster saved to api_url.csv
2024-11-26 15:20:42,993 - ScraperLogger - INFO - Processing data for grimsby...
2024-11-26 15:20:45,231 - ScraperLogger - INFO - Data fetched successfully.
2024-11-26 15:20:45,238 - ScraperLogger - INFO - Data for grimsby saved to api_url.csv
2024-11-26 15:20:45,238 - ScraperLogger - INFO - Processing data for huntsville...
2024-11-26 15:20:47,052 - ScraperLogger - INFO - Data fetched successfully.
2024-11-26 15:20:47,058 - ScraperLogger - INFO - Data for huntsville saved to api_url.csv
2024-11-26 15:20:47,058 - ScraperLogger - INFO - Processing data for innisfil...
2024-11-26 15:20:49,677 - ScraperLogger - INFO - Data fetched successfully.
2024-11-26 15:20:49,682 - ScraperLogger - INFO - Data for innisfil saved to api_url.csv
2024-11-26 15:20:49,682 - ScraperLogger - INFO - Processing data for king-city...
2024-11-26 15:20:51,478 - ScraperLogger - INFO - Data fetched successfully.
2024-11-26 15:20:51,487 - ScraperLogger - INFO - Data for king-city saved to api_url.csv
2024-11-26 15:20:51,487 - ScraperLogger - INFO - Processing data for kitchener...
2024-11-26 15:20:53,799 - ScraperLogger - INFO - Data fetched successfully.
2024-11-26 15:20:53,806 - ScraperLogger - INFO - Data for kitchener saved to api_url.csv
2024-11-26 15:20:53,806 - ScraperLogger - INFO - Processing data for laval...
2024-11-26 15:20:56,109 - ScraperLogger - INFO - Data fetched successfully.
2024-11-26 15:20:56,115 - ScraperLogger - INFO - Data for laval saved to api_url.csv
2024-11-26 15:20:56,115 - ScraperLogger - INFO - Processing data for london...
2024-11-26 15:20:58,332 - ScraperLogger - INFO - Data fetched successfully.
2024-11-26 15:20:58,338 - ScraperLogger - INFO - Data for london saved to api_url.csv
2024-11-26 15:20:58,338 - ScraperLogger - INFO - Processing data for markham...
2024-11-26 15:21:00,987 - ScraperLogger - INFO - Data fetched successfully.
2024-11-26 15:21:00,993 - ScraperLogger - INFO - Data for markham saved to api_url.csv
2024-11-26 15:21:00,993 - ScraperLogger - INFO - Processing data for milton...
2024-11-26 15:21:03,241 - ScraperLogger - INFO - Data fetched successfully.
2024-11-26 15:21:03,256 - ScraperLogger - INFO - Data for milton saved to api_url.csv
2024-11-26 15:21:03,256 - ScraperLogger - INFO - Processing data for mississauga...
2024-11-26 15:21:05,912 - ScraperLogger - INFO - Data fetched successfully.
2024-11-26 15:21:05,928 - ScraperLogger - INFO - Data for mississauga saved to api_url.csv
2024-11-26 15:21:05,928 - ScraperLogger - INFO - Processing data for erin-mills...
2024-11-26 15:21:07,959 - ScraperLogger - INFO - Data fetched successfully.
2024-11-26 15:21:07,965 - ScraperLogger - INFO - Data for erin-mills saved to api_url.csv
2024-11-26 15:21:07,965 - ScraperLogger - INFO - Processing data for port-credit...
2024-11-26 15:21:10,325 - ScraperLogger - INFO - Data fetched successfully.
2024-11-26 15:21:10,332 - ScraperLogger - INFO - Data for port-credit saved to api_url.csv
2024-11-26 15:21:10,332 - ScraperLogger - INFO - Processing data for square-one...
2024-11-26 15:21:12,656 - ScraperLogger - INFO - Data fetched successfully.
2024-11-26 15:21:12,663 - ScraperLogger - INFO - Data for square-one saved to api_url.csv
2024-11-26 15:21:12,663 - ScraperLogger - INFO - Processing data for montreal...
2024-11-26 15:21:16,952 - ScraperLogger - INFO - Data fetched successfully.
2024-11-26 15:21:16,968 - ScraperLogger - INFO - Data for montreal saved to api_url.csv
2024-11-26 15:21:16,968 - ScraperLogger - INFO - Processing data for newmarket...
2024-11-26 15:21:19,001 - ScraperLogger - INFO - Data fetched successfully.
2024-11-26 15:21:19,008 - ScraperLogger - INFO - Data for newmarket saved to api_url.csv
2024-11-26 15:21:19,008 - ScraperLogger - INFO - Processing data for niagara-falls...
2024-11-26 15:21:20,955 - ScraperLogger - INFO - Data fetched successfully.
2024-11-26 15:21:20,958 - ScraperLogger - INFO - Data for niagara-falls saved to api_url.csv
2024-11-26 15:21:20,958 - ScraperLogger - INFO - Processing data for oakville...
2024-11-26 15:21:23,265 - ScraperLogger - INFO - Data fetched successfully.
2024-11-26 15:21:23,280 - ScraperLogger - INFO - Data for oakville saved to api_url.csv
2024-11-26 15:21:23,280 - ScraperLogger - INFO - Processing data for orillia...
2024-11-26 15:21:25,669 - ScraperLogger - INFO - Data fetched successfully.
2024-11-26 15:21:25,675 - ScraperLogger - INFO - Data for orillia saved to api_url.csv
2024-11-26 15:21:25,675 - ScraperLogger - INFO - Processing data for oshawa...
2024-11-26 15:21:28,094 - ScraperLogger - INFO - Data fetched successfully.
2024-11-26 15:21:28,104 - ScraperLogger - INFO - Data for oshawa saved to api_url.csv
2024-11-26 15:21:28,104 - ScraperLogger - INFO - Processing data for courtice...
2024-11-26 15:21:30,462 - ScraperLogger - INFO - Data fetched successfully.
2024-11-26 15:21:30,469 - ScraperLogger - INFO - Data for courtice saved to api_url.csv
2024-11-26 15:21:30,469 - ScraperLogger - INFO - Processing data for pickering...
2024-11-26 15:21:32,855 - ScraperLogger - INFO - Data fetched successfully.
2024-11-26 15:21:32,865 - ScraperLogger - INFO - Data for pickering saved to api_url.csv
2024-11-26 15:21:32,865 - ScraperLogger - INFO - Processing data for pointe-claire...
2024-11-26 15:21:34,843 - ScraperLogger - INFO - Data fetched successfully.
2024-11-26 15:21:34,851 - ScraperLogger - INFO - Data for pointe-claire saved to api_url.csv
2024-11-26 15:21:34,851 - ScraperLogger - INFO - Processing data for richmond-hill...
2024-11-26 15:21:37,126 - ScraperLogger - INFO - Data fetched successfully.
2024-11-26 15:21:37,132 - ScraperLogger - INFO - Data for richmond-hill saved to api_url.csv
2024-11-26 15:21:37,132 - ScraperLogger - INFO - Processing data for scarborough...
2024-11-26 15:21:39,777 - ScraperLogger - INFO - Data fetched successfully.
2024-11-26 15:21:39,785 - ScraperLogger - INFO - Data for scarborough saved to api_url.csv
2024-11-26 15:21:39,785 - ScraperLogger - INFO - Processing data for st-catharines...
2024-11-26 15:21:42,194 - ScraperLogger - INFO - Data fetched successfully.
2024-11-26 15:21:42,200 - ScraperLogger - INFO - Data for st-catharines saved to api_url.csv
2024-11-26 15:21:42,201 - ScraperLogger - INFO - Processing data for stratford...
2024-11-26 15:21:44,551 - ScraperLogger - INFO - Data fetched successfully.
2024-11-26 15:21:44,557 - ScraperLogger - INFO - Data for stratford saved to api_url.csv
2024-11-26 15:21:44,557 - ScraperLogger - INFO - Processing data for thornhill...
2024-11-26 15:21:46,737 - ScraperLogger - INFO - Data fetched successfully.
2024-11-26 15:21:46,740 - ScraperLogger - INFO - Data for thornhill saved to api_url.csv
2024-11-26 15:21:46,740 - ScraperLogger - INFO - Processing data for toronto...
2024-11-26 15:21:50,869 - ScraperLogger - INFO - Data fetched successfully.
2024-11-26 15:21:50,892 - ScraperLogger - INFO - Data for toronto saved to api_url.csv
2024-11-26 15:21:50,892 - ScraperLogger - INFO - Processing data for don-mills-and-eglinton...
2024-11-26 15:21:54,153 - ScraperLogger - INFO - Data fetched successfully.
2024-11-26 15:21:54,159 - ScraperLogger - INFO - Data for don-mills-and-eglinton saved to api_url.csv
2024-11-26 15:21:54,159 - ScraperLogger - INFO - Processing data for downtown-toronto...
2024-11-26 15:21:58,096 - ScraperLogger - INFO - Data fetched successfully.
2024-11-26 15:21:58,108 - ScraperLogger - INFO - Data for downtown-toronto saved to api_url.csv
2024-11-26 15:21:58,108 - ScraperLogger - INFO - Processing data for east...
2024-11-26 15:22:00,716 - ScraperLogger - INFO - Data fetched successfully.
2024-11-26 15:22:00,725 - ScraperLogger - INFO - Data for east saved to api_url.csv
2024-11-26 15:22:00,725 - ScraperLogger - INFO - Processing data for west...
2024-11-26 15:22:03,168 - ScraperLogger - INFO - Data fetched successfully.
2024-11-26 15:22:03,174 - ScraperLogger - INFO - Data for west saved to api_url.csv
2024-11-26 15:22:03,175 - ScraperLogger - INFO - Processing data for riverdale...
2024-11-26 15:22:05,530 - ScraperLogger - INFO - Data fetched successfully.
2024-11-26 15:22:05,536 - ScraperLogger - INFO - Data for riverdale saved to api_url.csv
2024-11-26 15:22:05,536 - ScraperLogger - INFO - Processing data for liberty...
2024-11-26 15:22:07,922 - ScraperLogger - INFO - Data fetched successfully.
2024-11-26 15:22:07,931 - ScraperLogger - INFO - Data for liberty saved to api_url.csv
2024-11-26 15:22:07,931 - ScraperLogger - INFO - Processing data for midtown...
2024-11-26 15:22:10,088 - ScraperLogger - INFO - Data fetched successfully.
2024-11-26 15:22:10,095 - ScraperLogger - INFO - Data for midtown saved to api_url.csv
2024-11-26 15:22:10,095 - ScraperLogger - INFO - Processing data for northYork...
2024-11-26 15:22:12,419 - ScraperLogger - INFO - Data fetched successfully.
2024-11-26 15:22:12,431 - ScraperLogger - INFO - Data for northYork saved to api_url.csv
2024-11-26 15:22:12,431 - ScraperLogger - INFO - Processing data for Beaches...
2024-11-26 15:22:14,439 - ScraperLogger - INFO - Data fetched successfully.
2024-11-26 15:22:14,446 - ScraperLogger - INFO - Data for Beaches saved to api_url.csv
2024-11-26 15:22:14,446 - ScraperLogger - INFO - Processing data for waterfront...
2024-11-26 15:22:16,852 - ScraperLogger - INFO - Data fetched successfully.
2024-11-26 15:22:16,862 - ScraperLogger - INFO - Data for waterfront saved to api_url.csv
2024-11-26 15:22:16,862 - ScraperLogger - INFO - Processing data for west-toronto...
2024-11-26 15:22:19,025 - ScraperLogger - INFO - Data fetched successfully.
2024-11-26 15:22:19,033 - ScraperLogger - INFO - Data for west-toronto saved to api_url.csv
2024-11-26 15:22:19,033 - ScraperLogger - INFO - Processing data for eglinton...
2024-11-26 15:22:21,411 - ScraperLogger - INFO - Data fetched successfully.
2024-11-26 15:22:21,420 - ScraperLogger - INFO - Data for eglinton saved to api_url.csv
2024-11-26 15:22:21,421 - ScraperLogger - INFO - Processing data for yorkdale...
2024-11-26 15:22:23,579 - ScraperLogger - INFO - Data fetched successfully.
2024-11-26 15:22:23,586 - ScraperLogger - INFO - Data for yorkdale saved to api_url.csv
2024-11-26 15:22:23,587 - ScraperLogger - INFO - Processing data for yorkville...
2024-11-26 15:22:25,602 - ScraperLogger - INFO - Data fetched successfully.
2024-11-26 15:22:25,612 - ScraperLogger - INFO - Data for yorkville saved to api_url.csv
2024-11-26 15:22:25,612 - ScraperLogger - INFO - Processing data for uxbridge...
2024-11-26 15:22:29,190 - ScraperLogger - INFO - Data fetched successfully.
2024-11-26 15:22:29,196 - ScraperLogger - INFO - Data for uxbridge saved to api_url.csv
2024-11-26 15:22:29,196 - ScraperLogger - INFO - Processing data for vaughan...
2024-11-26 15:22:34,131 - ScraperLogger - INFO - Data fetched successfully.
2024-11-26 15:22:34,142 - ScraperLogger - INFO - Data for vaughan saved to api_url.csv
2024-11-26 15:22:34,142 - ScraperLogger - INFO - Processing data for woodbridge...
2024-11-26 15:22:35,925 - ScraperLogger - INFO - Data fetched successfully.
2024-11-26 15:22:35,928 - ScraperLogger - INFO - Data for woodbridge saved to api_url.csv
2024-11-26 15:22:35,929 - ScraperLogger - INFO - Processing data for wasaga-beach...
2024-11-26 15:22:38,148 - ScraperLogger - INFO - Data fetched successfully.
2024-11-26 15:22:38,152 - ScraperLogger - INFO - Data for wasaga-beach saved to api_url.csv
2024-11-26 15:22:38,152 - ScraperLogger - INFO - Processing data for waterloo...
2024-11-26 15:22:40,330 - ScraperLogger - INFO - Data fetched successfully.
2024-11-26 15:22:40,339 - ScraperLogger - INFO - Data for waterloo saved to api_url.csv
2024-11-26 15:22:40,339 - ScraperLogger - INFO - Processing data for wellland...
2024-11-26 15:22:42,596 - ScraperLogger - INFO - Data fetched successfully.
2024-11-26 15:22:42,599 - ScraperLogger - INFO - Data for wellland saved to api_url.csv
2024-11-26 15:22:42,600 - ScraperLogger - INFO - Processing data for whitby...
2024-11-26 15:22:44,476 - ScraperLogger - INFO - Data fetched successfully.
2024-11-26 15:22:44,483 - ScraperLogger - INFO - Data for whitby saved to api_url.csv
